<?xml version="1.0" encoding="UTF-8"?>
<!-- Generated by org.testng.reporters.JUnitReportReporter -->
<testsuite hostname="LTIN591070" failures="0" tests="4" name="miniProject_sh.SearchTest" time="26.235" errors="0" timestamp="2025-10-26T20:10:11 IST" skipped="0">
  <testcase classname="miniProject_sh.SearchTest" name="openBrowser" time="6.487"/>
  <testcase classname="miniProject_sh.SearchTest" name="fillSearchForm" time="15.421"/>
  <testcase classname="miniProject_sh.SearchTest" name="validateSearchResult" time="2.927"/>
  <testcase classname="miniProject_sh.SearchTest" name="retriveFlightDate" time="1.400"/>
</testsuite> <!-- miniProject_sh.SearchTest -->
